<?xml version="1.0" encoding="UTF-8"?>
<!-- Generated by org.testng.reporters.JUnitReportReporter -->
<testsuite hostname="Malempati" failures="0" tests="1" name="testCases.TC001_AccountRegistrationTest" time="3.845" errors="0" timestamp="2025-01-15T18:05:44 EST" skipped="0">
  <testcase classname="testCases.TC001_AccountRegistrationTest" name="verify_account_registration" time="3.845"/>
</testsuite> <!-- testCases.TC001_AccountRegistrationTest -->
