<?xml version="1.0" encoding="UTF-8"?>
<!-- Generated by org.testng.reporters.JUnitReportReporter -->
<testsuite hostname="Malempati" failures="0" tests="1" name="testCases.TC002_LoginTest" time="1.697" errors="0" timestamp="2025-01-15T18:05:44 EST" skipped="0">
  <testcase classname="testCases.TC002_LoginTest" name="Verify_Login" time="1.697"/>
</testsuite> <!-- testCases.TC002_LoginTest -->
